<testsuites id="" name="" tests="1" failures="1" skipped="0" errors="0" time="33.165628000000005">
<testsuite name="gallery-features.spec.ts" timestamp="2025-10-04T08:06:13.190Z" hostname="chromium" tests="1" failures="1" skipped="0" time="31.695" errors="0">
<testcase name="Gallery Features › Create folder button should be visible and functional" classname="gallery-features.spec.ts" time="31.695">
<failure message="gallery-features.spec.ts:16:3 Create folder button should be visible and functional" type="FAILURE">
<![CDATA[  [chromium] › gallery-features.spec.ts:16:3 › Gallery Features › Create folder button should be visible and functional 

    Test timeout of 30000ms exceeded while running "beforeEach" hook.

      2 |
      3 | test.describe('Gallery Features', () => {
    > 4 |   test.beforeEach(async ({ page }) => {
        |        ^
      5 |     // Navigate to the application
      6 |     await page.goto('http://localhost:3001/mediavault');
      7 |
        at C:\inetpub\wwwroot\MediaVault\tests\e2e\gallery-features.spec.ts:4:8

    Error: page.click: Test timeout of 30000ms exceeded.
    Call log:
      - waiting for locator('a[href="/mediavault/gallery"]')


      10 |
      11 |     // Navigate to gallery
    > 12 |     await page.click('a[href="/mediavault/gallery"]');
         |                ^
      13 |     await page.waitForURL('**/gallery');
      14 |   });
      15 |
        at C:\inetpub\wwwroot\MediaVault\tests\e2e\gallery-features.spec.ts:12:16

    attachment #1: screenshot (image/png) ──────────────────────────────────────────────────────────
    ..\..\test-results\gallery-features-Gallery-F-4303a-d-be-visible-and-functional-chromium\test-failed-1.png
    ────────────────────────────────────────────────────────────────────────────────────────────────

    attachment #2: video (video/webm) ──────────────────────────────────────────────────────────────
    ..\..\test-results\gallery-features-Gallery-F-4303a-d-be-visible-and-functional-chromium\video.webm
    ────────────────────────────────────────────────────────────────────────────────────────────────
]]>
</failure>
<system-out>
<![CDATA[
[[ATTACHMENT|test-results\gallery-features-Gallery-F-4303a-d-be-visible-and-functional-chromium\test-failed-1.png]]

[[ATTACHMENT|test-results\gallery-features-Gallery-F-4303a-d-be-visible-and-functional-chromium\video.webm]]
]]>
</system-out>
</testcase>
</testsuite>
</testsuites>